#
#  Copyright (C) 2008 Xilinx Inc. All rights reserved.
#
#  $Header: /devl/xcs/repo/env/Jobs/Cse/data/idcode.lst,v 1.15 2012/04/22 19:06:28 junf Exp $
#
# Format for JTAG IDCODE list
# 
# One entry per line.
# An entry represents a device family or an individual device.
#
# There are 5 fields per line, separated by a comma:
#  1) JTAG IDCODE in binary. 'x' matches a '0' or a '1'.
#     '_' characters are not significant, 
#     but helps readability for humans.
#  2) JTAG instruction register length, a decimal value.
#  3) Device family type decimal number. Number 0 means no ChipScope support.
#  4) Device family sub-type decimal. Typically 0. 
#  5) Name of device or device family
#
#  When matching a device IDCODE (which is a binary value
#  without any 'x') against entries in this file:
#    - '_' are not significant.
#    - assume entries are sorted alphabetically. '0' comes before '1', 
#      which comes before 'x'.
#    - Matching the IDCODE is done from top to bottom in the sorted
#      list until there is a match.
#
#  The order of entries in this file is not significant. The program
#  which reads will sort it alphabetically.
#
xxxx_0000_0000_0001_xxxx_0000_0010_1011,4,0,0,XCR5032C
xxxx_0000_0000_0101_xxxx_0000_0010_1011,4,0,0,XCR5064C # A comment until the end of the line.
xxxx_0000_0000_1000_0xxx_0000_0010_1011,4,0,0,XCR5128
xxxx_0000_0000_1000_1xxx_0000_0010_1011,4,0,0,XCR3128
xxxx_0000_0000_1001_xxxx_0000_0010_1011,4,0,0,XCR5128C
xxxx_0000_001x_xxxx_xxxx_0000_1001_0011,3,0,0,XC4000XL/XLA
xxxx_0000_010x_xxxx_xxxx_0000_1001_0011,3,0,0,Spartan-XL
xxxx_0000_0110_0000_1000_0000_1001_0011,5,3,0,XC2S015
xxxx_0000_0110_0000_1100_0000_1001_0011,5,3,0,XC2S030
xxxx_0000_0110_0001_0000_0000_1001_0011,5,3,0,XCV50
xxxx_0000_0110_0001_0100_0000_1001_0011,5,3,0,XCV100
xxxx_0000_0110_0001_1000_0000_1001_0011,5,3,0,XCV150
xxxx_0000_0110_0001_1100_0000_1001_0011,5,3,0,XCV200
xxxx_0000_0110_0010_0000_0000_1001_0011,5,3,0,XCV300
xxxx_0000_0110_0010_1000_0000_1001_0011,5,3,0,XCV400
xxxx_0000_0110_0011_0000_0000_1001_0011,5,3,0,XCV600
xxxx_0000_0110_0011_1000_0000_1001_0011,5,3,0,XCV800
xxxx_0000_0110_0100_0000_0000_1001_0011,5,3,0,XCV1000
xxxx_0000_011x_xxxx_xxxx_0000_1001_0011,5,3,0,Virtex
xxxx_0000_100x_xxxx_xxxx_0000_0010_1011,4,0,0,XCR3000A
xxxx_0000_1010_0001_0000_0000_1001_0011,5,5,0,XCV50E
xxxx_0000_1010_0001_0100_0000_1001_0011,5,5,0,XCV100E
xxxx_0000_1010_0001_1000_0000_1001_0011,5,5,0,XC2S150E
xxxx_0000_1010_0001_1100_0000_1001_0011,5,5,0,XCV200E
xxxx_0000_1010_0010_0000_0000_1001_0011,5,5,0,XCV300E
xxxx_0000_1010_0010_1000_0000_1001_0011,5,5,0,XCV400E
xxxx_0000_1010_0011_0000_0000_1001_0011,5,5,0,XCV600E
xxxx_0000_1010_0100_0000_0000_1001_0011,5,5,0,XCV1000E
xxxx_0000_1010_0100_1000_0000_1001_0011,5,5,0,XCV1600E
xxxx_0000_1010_0101_0000_0000_1001_0011,5,5,0,XCV2000E
xxxx_0000_1010_0101_1100_0000_1001_0011,5,5,0,XCV2600E
xxxx_0000_1010_0110_1000_0000_1001_0011,5,5,0,XCV3200E
xxxx_0000_101x_xxxx_xxxx_0000_1001_0011,5,5,0,Virtex-E
xxxx_0000_1100_0010_1000_0000_1001_0011,5,6,0,XCV405E
xxxx_0000_1100_0011_1000_0000_1001_0011,5,6,0,XCV812E
xxxx_0000_110x_xxxx_xxxx_0000_1001_0011,5,6,0,Virtex-EM
xxxx_0000_111x_xxxx_xxxx_0000_1001_0011,3,0,0,XC4000XV
xxxx_0001_0000_0000_1000_0000_1001_0011,6,8,0,XC2V40
xxxx_0001_0000_0001_0000_0000_1001_0011,6,8,0,XC2V80
xxxx_0001_0000_0001_1000_0000_1001_0011,6,8,0,XC2V250
xxxx_0001_0000_0010_0000_0000_1001_0011,6,8,0,XC2V500
xxxx_0001_0000_0010_1000_0000_1001_0011,6,8,0,XC2V1000
xxxx_0001_0000_0011_0000_0000_1001_0011,6,8,0,XC2V1500
xxxx_0001_0000_0011_1000_0000_1001_0011,6,8,0,XC2V2000
xxxx_0001_0000_0100_0000_0000_1001_0011,6,8,0,XC2V3000
xxxx_0001_0000_0101_0000_0000_1001_0011,6,8,0,XC2V4000
xxxx_0001_0000_0110_0000_0000_1001_0011,6,8,0,XC2V6000
xxxx_0001_0000_0111_0000_0000_1001_0011,6,8,0,XC2V8000
xxxx_0001_0000_1000_0000_0000_1001_0011,6,8,0,XC2V10000
xxxx_0001_000x_xxxx_xxxx_0000_1001_0011,6,8,0,Virtex-II
xxxx_0001_0010_0010_0110_0000_1001_0011,10,9,0,XC2VP2
xxxx_0001_0010_0010_0110_0000_1001_0011,10,9,0,XC2VP2
xxxx_0001_0010_0011_1110_0000_1001_0011,10,9,0,XC2VP4
xxxx_0001_0010_0011_1110_0000_1001_0011,10,9,0,XC2VP4
xxxx_0001_0010_0100_1010_0000_1001_0011,10,9,0,XC2VP7
xxxx_0001_0010_0100_1010_0000_1001_0011,10,9,0,XC2VP7
xxxx_0001_0010_0110_0110_0000_1001_0011,14,9,0,XC2VP20
xxxx_0001_0010_0111_1110_0000_1001_0011,14,9,0,XC2VP30
xxxx_0001_0010_1001_0010_0000_1001_0011,14,9,0,XC2VP40
xxxx_0001_0010_1001_1110_0000_1001_0011,14,9,0,XC2VP50
xxxx_0001_0010_1011_1010_0000_1001_0011,14,9,0,XC2VP70
xxxx_0001_0010_1101_0110_0000_1001_0011,14,9,0,XC2VP100
xxxx_0001_0010_1111_0010_0000_1001_0011,22,9,0,XC2VP125
xxxx_0001_0100_0000_1101_0000_1001_0011,6,10,0,XC3S50
xxxx_0001_0100_0001_0100_0000_1001_0011,6,10,0,XC3S200
xxxx_0001_0100_0001_1100_0000_1001_0011,6,10,0,XC3S400
xxxx_0001_0100_0010_1000_0000_1001_0011,6,10,0,XC3S1000
xxxx_0001_0100_0011_0100_0000_1001_0011,6,10,0,XC3S1500
xxxx_0001_0100_0100_0000_0000_1001_0011,6,10,0,XC3S2000
xxxx_0001_0100_0100_1000_0000_1001_0011,6,10,0,XC3S4000
xxxx_0001_0100_0101_0000_0000_1001_0011,6,10,0,XC3S5000
xxxx_0001_010x_xxxx_xxxx_0000_1001_0011,6,10,0,Spartan-3
xxxx_0001_1000_0110_0110_0000_1001_0011,10,12,0,XC2VPX20
xxxx_0001_1000_1011_1010_0000_1001_0011,14,12,0,XC2VPX70
xxxx_0001_100x_xxxx_xxxx_0000_1001_0011,10,12,0,Virtex-II_Pro_X
xxxx_0001_0110_0101_1000_0000_1001_0011,10,11,0,XC4VLX15
xxxx_0001_0110_0111_1100_0000_1001_0011,10,11,1,XC4VLX25
xxxx_0001_0110_1010_0100_0000_1001_0011,10,11,1,XC4VLX40
xxxx_0001_0110_1011_0100_0000_1001_0011,10,11,1,XC4VLX60
xxxx_0001_0110_1101_1000_0000_1001_0011,10,11,1,XC4VLX80
xxxx_0001_0111_0000_0000_0000_1001_0011,10,11,1,XC4VLX100
xxxx_0001_0111_0001_1000_0000_1001_0011,10,11,1,XC4VLX160
xxxx_0001_0111_0011_0100_0000_1001_0011,10,11,1,XC4VLX200
xxxx_0001_011x_xxxx_xxxx_0000_1001_0011,10,11,1,Virtex-4_LX
xxxx_0001_1100_0001_0000_0000_1001_0011,6,14,0,XC3S100E
xxxx_0001_1100_0001_1010_0000_1001_0011,6,14,0,XC3S250E
xxxx_0001_1100_0010_0010_0000_1001_0011,6,14,0,XC3S500E
xxxx_0001_1100_0010_1110_0000_1001_0011,6,14,0,XC3S1200E
xxxx_0001_1100_0011_1010_0000_1001_0011,6,14,0,XC3S1600E
xxxx_0001_110x_xxxx_xxxx_0000_1001_0011,6,14,0,Spartan-3E
xxxx_0010_0010_0001_0000_0000_1001_0011,6,17,0,XC3S50A
xxxx_0010_0010_0001_1000_0000_1001_0011,6,17,0,XC3S200A
xxxx_0010_0010_0010_0000_0000_1001_0011,6,17,0,XC3S400A
xxxx_0010_0010_0010_1000_0000_1001_0011,6,17,0,XC3S700A
xxxx_0010_0010_0011_0000_0000_1001_0011,6,17,0,XC3S1400A
xxxx_0010_001x_xxxx_xxxx_0000_1001_0011,6,17,0,Spartan-3A
xxxx_0010_0000_0110_1000_0000_1001_0011,10,16,0,XC4VSX25
xxxx_0010_0000_1000_1000_0000_1001_0011,10,16,1,XC4VSX35
xxxx_0010_0000_1011_0000_0000_1001_0011,10,16,1,XC4VSX55
xxxx_0010_000x_xxxx_xxxx_0000_1001_0011,10,16,0,Virtex-4_SX
xxxx_0001_1110_0101_1000_0000_1001_0011,10,15,0,XC4VFX12
xxxx_0001_1110_0110_0100_0000_1001_0011,10,15,0,XC4VFX20
xxxx_0001_1110_1000_1100_0000_1001_0011,14,15,1,XC4VFX40
xxxx_0001_1110_1011_0100_0000_1001_0011,14,15,1,XC4VFX60
xxxx_0001_1110_1110_0100_0000_1001_0011,14,15,1,XC4VFX100
xxxx_0001_1111_0001_0100_0000_1001_0011,14,15,1,XC4VFX140
xxxx_0010_0110_0001_0000_0000_1001_0011,6,19,0,XC3S50AN
xxxx_0010_0110_0001_1000_0000_1001_0011,6,19,0,XC3S200AN
xxxx_0010_0110_0010_0000_0000_1001_0011,6,19,0,XC3S400AN
xxxx_0010_0110_0010_1000_0000_1001_0011,6,19,0,XC3S700AN
xxxx_0010_0110_0011_0000_0000_1001_0011,6,19,0,XC3S1400AN
xxxx_0010_011x_xxxx_xxxx_0000_1001_0011,6,19,0,Spartan-3AN
xxxx_0010_1000_0110_1110_0000_1001_0011,10,20,0,XC5VLX30
xxxx_0010_1000_1001_0110_0000_1001_0011,10,20,0,XC5VLX50
xxxx_0010_1000_1010_1110_0000_1001_0011,10,20,0,XC5VLX85
xxxx_0010_1000_1101_0110_0000_1001_0011,10,20,0,XC5VLX110
xxxx_0010_1001_1110_1100_0000_1001_0011,10,20,0,XC5VLX155
xxxx_0010_1001_0000_1100_0000_1001_0011,10,20,0,XC5VLX220
xxxx_0010_1001_0101_1100_0000_1001_0011,10,20,0,XC5VLX330
xxxx_0010_100x_xxxx_xxxx_0000_1001_0011,10,20,0,Virtex-5_LX
xxxx_0010_1010_0101_0110_0000_1001_0011,10,21,0,XC5VLX20T
xxxx_0010_1010_0110_1110_0000_1001_0011,10,21,0,XC5VLX30T
xxxx_0010_1010_1001_0110_0000_1001_0011,10,21,0,XC5VLX50T
xxxx_0010_1010_1010_1110_0000_1001_0011,10,21,0,XC5VLX85T
xxxx_0010_1010_1101_0110_0000_1001_0011,10,21,0,XC5VLX110T
xxxx_0010_1010_1110_1100_0000_1001_0011,10,21,0,XC5VLX155T
xxxx_0010_1011_0000_1100_0000_1001_0011,10,21,0,XC5VLX220T
xxxx_0010_1011_0101_1100_0000_1001_0011,10,21,0,XC5VLX330T
xxxx_0010_101x_xxxx_xxxx_0000_1001_0011,10,21,0,Virtex-5_LXT
xxxx_0010_1110_0111_0010_0000_1001_0011,10,23,0,XC5VSX35T
xxxx_0010_1110_1001_1010_0000_1001_0011,10,23,0,XC5VSX50T
xxxx_0010_1110_1100_1110_0000_1001_0011,10,23,0,XC5VSX95T
xxxx_0010_1111_0011_1110_0000_1001_0011,10,23,0,XC5VSX240T
xxxx_0010_1110_xxxx_xxxx_0000_1001_0011,10,23,0,Virtex-5_SXT
xxxx_0011_0010_0111_0110_0000_1001_0011,10,25,0,XC5VFX30T
xxxx_0011_0010_1100_0110_0000_1001_0011,10,25,0,XC5VFX70T
xxxx_0011_0010_1101_1000_0000_1001_0011,14,25,0,XC5VFX100T
xxxx_0011_0011_0000_0000_0000_1001_0011,14,25,0,XC5VFX130T
xxxx_0011_0011_0011_0100_0000_1001_0011,14,25,0,XC5VFX200T
xxxx_0011_001x_xxxx_xxxx_0000_1001_0011,14,25,0,Virtex-5_FXT
xxxx_0011_1011_0000_0000_0000_1001_0011,14,29,0,XQR5VFX130
xxxx_0011_101x_xxxx_xxxx_0000_1001_0011,14,29,0,Virtex-5_QV
xxxx_0100_0101_0000_0010_0000_1001_0011,10,34,0,XC5VTX150T
xxxx_0100_0101_0011_1110_0000_1001_0011,10,34,0,XC5VTX240T
xxxx_0100_010x_xxxx_xxxx_0000_1001_0011,10,34,0,Virtex-5_TXT
xxxx_0100_0000_0000_0000_0000_1001_0011,6,32,0,XC6SLX4
xxxx_0100_0000_0000_0001_0000_1001_0011,6,32,0,XC6SLX9
xxxx_0100_0000_0000_0010_0000_1001_0011,6,32,0,XC6SLX16
xxxx_0100_0000_0000_0100_0000_1001_0011,6,32,0,XC6SLX25
xxxx_0100_0000_0000_1000_0000_1001_0011,6,32,0,XC6SLX45
xxxx_0100_0000_0000_1110_0000_1001_0011,6,32,0,XC6SLX75
xxxx_0100_0000_0001_0001_0000_1001_0011,6,32,0,XC6SLX100
xxxx_0100_0000_0001_1101_0000_1001_0011,6,32,0,XC6SLX150
xxxx_0100_0000_0010_0100_0000_1001_0011,6,32,0,XC6SLX25T
xxxx_0100_0000_0010_1000_0000_1001_0011,6,32,0,XC6SLX45T
xxxx_0100_0000_0010_1110_0000_1001_0011,6,32,0,XC6SLX75T
xxxx_0100_0000_0011_0001_0000_1001_0011,6,32,0,XC6SLX100T
xxxx_0100_0000_0011_1101_0000_1001_0011,6,32,0,XC6SLX150T
xxxx_0100_000x_xxxx_xxxx_0000_1001_0011,6,32,0,Spartan-6
xxxx_0100_0010_0011_1010_0000_1001_0011,10,33,1,XC6VLX760
xxxx_0100_0010_001x_xxxx_0000_1001_0011,10,33,1,Virtex-6_LX
xxxx_0100_0010_0100_0100_0000_1001_0011,10,33,2,XC6VLX75T
xxxx_0100_0010_0100_1010_0000_1001_0011,10,33,2,XC6VLX130T
xxxx_0100_0010_0100_1100_0000_1001_0011,10,33,2,XC6VLX195T
xxxx_0100_0010_0101_0000_0000_1001_0011,10,33,2,XC6VLX240T
xxxx_0100_0010_0101_0010_0000_1001_0011,10,33,2,XC6VLX365T
xxxx_0100_0010_0101_0110_0000_1001_0011,10,33,2,XC6VLX550T
xxxx_0100_0010_010x_xxxx_0000_1001_0011,10,33,2,Virtex-6_LXT
xxxx_0100_0010_1000_0110_0000_1001_0011,10,33,4,XC6VSX315T
xxxx_0100_0010_1000_1000_0000_1001_0011,10,33,4,XC6VSX475T
xxxx_0100_0010_100x_xxxx_0000_1001_0011,10,33,4,Virtex-6_SXT
xxxx_0100_0010_1010_0010_0000_1001_0011,10,33,5,XC6VHX250T
xxxx_0100_0010_1010_0100_0000_1001_0011,10,33,5,XC6VHX255T
xxxx_0100_0010_1010_1000_0000_1001_0011,10,33,5,XC6VHX380T
xxxx_0100_0010_1010_1100_0000_1001_0011,10,33,5,XC6VHX565T
xxxx_0100_0010_101x_xxxx_0000_1001_0011,10,33,5,Virtex-6_HXT
xxxx_0100_0010_1100_0100_0000_1001_0011,10,33,6,XC6VCX75T
xxxx_0100_0010_1100_1010_0000_1001_0011,10,33,6,XC6VCX130T
xxxx_0100_0010_1100_1100_0000_1001_0011,10,33,6,XC6VCX195T
xxxx_0100_0010_1101_0000_0000_1001_0011,10,33,6,XC6VCX240T
xxxx_0100_0010_110x_xxxx_0000_1001_0011,10,33,6,Virtex-6_CXT
xxxx_0100_001x_xxxx_xxxx_0000_1001_0011,10,33,0,Virtex-6
##  xxxx_0011_0110_0010_1000_0000_1001_0011,6,27,1,XC7A8
##  xxxx_0011_0110_0010_0111_0000_1001_0011,6,27,1,XC7A15
##  xxxx_0011_0110_0010_1101_0000_1001_0011,6,27,1,XC7A30T
##  xxxx_0011_0110_0010_1100_0000_1001_0011,6,27,1,XC7A50T
xxxx_0011_0110_0011_0010_0000_1001_0011,6,27,1,XC7A75T
xxxx_0011_0110_0011_0001_0000_1001_0011,6,27,1,XC7A100T
xxxx_0011_0110_0011_0110_0000_1001_0011,6,27,1,XC7A200T
xxxx_0011_0110_0011_1011_0000_1001_0011,6,27,1,XC7A350T
xxxx_0011_0110_001x_xxxx_0000_1001_0011,6,27,1,Artix-7
xxxx_0011_0110_0100_0111_0000_1001_0011,6,27,2,XC7K70T
xxxx_0011_0110_0100_1100_0000_1001_0011,6,27,2,XC7K160T
xxxx_0011_0110_0101_0001_0000_1001_0011,6,27,2,XC7K325T
xxxx_0011_0111_0100_0111_0000_1001_0011,6,27,10,XC7K355T
xxxx_0011_0110_0101_0110_0000_1001_0011,6,27,2,XC7K410T
xxxx_0011_0111_0101_0010_0000_1001_0011,6,27,10,XC7K420T
xxxx_0011_0111_0101_0001_0000_1001_0011,6,27,10,XC7K480T
xxxx_0011_1000_0010_0010_0000_1001_0011,6,27,2,XCKU040
xxxx_0011_1001_0001_1111_0000_1001_0011,6,27,2,XCKU060
xxxx_0011_1000_0010_1000_0000_1001_0011,6,27,2,XCKU075
xxxx_0011_011x_010x_xxxx_0000_1001_0011,6,27,2,Kintex-7
xxxx_0011_0110_0111_0001_0000_1001_0011,6,27,3,XC7V585T
xxxx_0011_0110_1011_0001_0000_1001_0011,18,27,5,XC7V1500T
xxxx_0011_0110_1011_xx11_0000_1001_0011,24,27,5,XC7V2000T
## 0001_0011_0110_1011_1111_0000_1001_0011,24,27,5,XC7V2000T
## 0000_0011_0110_1011_0011_0000_1001_0011,24,27,5,XC7V2000T
xxxx_0011_0110_0110_0111_0000_1001_0011,6,27,3,XC7VX330T
xxxx_0011_0110_1000_0010_0000_1001_0011,6,27,4,XC7VX415T
xxxx_0011_0110_1000_0111_0000_1001_0011,6,27,4,XC7VX485T
xxxx_0011_0110_1001_0010_0000_1001_0011,6,27,4,XC7VX550T
xxxx_0011_0110_1001_0001_0000_1001_0011,6,27,4,XC7VX690T
xxxx_0011_0110_1001_0110_0000_1001_0011,6,27,4,XC7VX980T
xxxx_0011_0110_1101_0101_0000_1001_0011,24,27,6,XC7VX1140T
xxxx_0011_0110_1101_0111_0000_1001_0011,16,27,7,XC7VH290T
xxxx_0011_0110_1101_1001_0000_1001_0011,22,27,7,XC7VH580T
xxxx_0011_0110_1101_1011_0000_1001_0011,38,27,7,XC7VH870T
xxxx_0011_1001_0011_1111_0000_1001_0011,6,27,3,XCVU065
xxxx_0011_1000_0100_0010_0000_1001_0011,6,27,3,XCVU095
xxxx_0011_0110_011x_xxxx_0000_1001_0011,6,27,3,Virtex-7_T
xxxx_0011_0110_100x_xxxx_0000_1001_0011,6,27,4,Virtex-7_XT
xxxx_0011_0111_0010_0010_0000_1001_0011,6,27,9,XC7Z010
xxxx_0011_0111_0011_1011_0000_1001_0011,6,27,9,XC7Z015
xxxx_0011_0111_0010_0111_0000_1001_0011,6,27,9,XC7Z020
xxxx_0011_0111_0010_1100_0000_1001_0011,6,27,9,XC7Z030
xxxx_0011_0111_0011_0001_0000_1001_0011,6,27,9,XC7Z045
xxxx_0011_0111_0011_0110_0000_1001_0011,6,27,9,XC7Z100
xxxx_0011_0111_001x_xxxx_0000_1001_0011,6,27,9,Zynq-7000
0100_1011_1010_0000_0000_0100_0111_0111,4,0,0,ARM_DAP
xxxx_0010_0101_0000_1xxx_0000_0010_1011,5,0,0,XCR3320
xxxx_0010_0110_1000_1xxx_0000_0010_1011,5,0,0,XCR3960
xxxx_0100_100x_xxxx_xxxx_0000_0010_1011,5,0,0,XCR3000XL
xxxx_0100_100x_xxxx_xxxx_0000_1001_0011,5,0,0,XCR3000XL
xxxx_0101_0000_0000_xxxx_0000_1001_0011,8,0,0,XC1800
xxxx_0101_0000_0010_xxxx_0000_1001_0011,8,0,0,XC18V00
xxxx_0101_0000_0100_0100_0000_1001_0011,8,0,0,XCF01S
xxxx_0101_0000_0100_0101_0000_1001_0011,8,0,0,XCF02S
xxxx_0101_0000_0100_0110_0000_1001_0011,8,0,0,XCF04S
xxxx_0101_0000_0100_xxxx_0000_1001_0011,8,0,0,XCF00S
xxxx_0101_0000_0101_0111_0000_1001_0011,16,0,0,XCF08P
xxxx_0101_0000_0101_1000_0000_1001_0011,16,0,0,XCF16P
xxxx_0101_0000_0101_1001_0000_1001_0011,16,0,0,XCF32P
xxxx_0101_0000_0101_xxxx_0000_1001_0011,16,0,0,XCF00P
xxxx_0101_000x_xxxx_xxxx_0000_1001_0011,8,0,0,XC18V00
xxxx_0110_1101_1000_1xxx_0000_1001_0011,8,0,0,XC2C128
xxxx_0110_1101_0100_1xxx_0000_1001_0011,8,0,0,XC2C256
xxxx_0110_1101_0101_1xxx_0000_1001_0011,8,0,0,XC2C384
xxxx_0110_1101_0111_1xxx_0000_1001_0011,8,0,0,XC2C512
xxxx_0110_110x_xxxx_xxxx_0000_1001_0011,8,0,0,CoolRunner-II
xxxx_0110_1110_0001_1xxx_0000_1001_0011,8,0,0,XC2C32A
xxxx_0110_1110_0101_1xxx_0000_1001_0011,8,0,0,XC2C64A
xxxx_0011_1000_0100_0000_0000_1001_0011,6,28,0,XC3SD1800A
xxxx_0011_1000_0100_1110_0000_1001_0011,6,28,0,XC3SD3400A
xxxx_0011_100x_xxxx_xxxx_0000_1001_0011,6,28,0,Spartan-3A_DSP
xxxx_0110_111x_xxxx_xxxx_0000_1001_0011,8,0,0,CoolRunner-IIA
xxxx_1001_0101_xxxx_xxxx_0000_1001_0011,8,0,0,XC9500
xxxx_1001_0110_xxxx_xxxx_0000_1001_0011,8,0,0,XC9500XL
xxxx_1001_0111_xxxx_xxxx_0000_1001_0011,8,0,0,XC9500XV
xxxx_1010_0000_0000_0001_0000_1001_0011,8,0,0,System_ACE_CF
xxxx_1010_0000_0000_0011_0000_1001_0011,10,20,1,ChipScope_Soft_Tap

